# JRE version: Java(TM) SE Runtime Environment (18.0+36) (build 18+36-2087)
# Java VM: Java HotSpot(TM) 64-Bit Server VM (18+36-2087, mixed mode, sharing, tiered, compressed oops, compressed class ptrs, g1 gc, windows-amd64)
GC Precious Log:
 CardTable entry size: 512
 Card Set container configuration: InlinePtr #cards 5 size 8 Array Of Cards #cards 12 size 40 Howl #buckets 4 coarsen threshold 1843 Howl Bitmap #cards 512 size 80 coarsen threshold 460 Card regions per heap region 1 cards per card region 2048
 CPUs: 4 total, 4 available
 Memory: 8070M
 Large Page Support: Disabled
 NUMA Support: Disabled
 Compressed Oops: Enabled (32-bit)
 Heap Region Size: 1M
 Heap Min Capacity: 8M
 Heap Initial Capacity: 128M
 Heap Max Capacity: 2018M
 Pre-touch: Disabled
 Parallel Workers: 4
 Concurrent Workers: 1
 Concurrent Refinement Workers: 4
 Periodic GC: Disabled
Heap:
 garbage-first heap   total 62464K, used 27775K [0x0000000081e00000, 0x0000000100000000)
  region size 1024K, 3 young (3072K), 3 survivors (3072K)
 Metaspace       used 52882K, committed 53312K, reserved 1114112K
  class space    used 6955K, committed 7168K, reserved 1048576K
GC Heap History (20 events):
Event: 1.356 GC heap after
{Heap after GC invocations=2 (full 0):
 garbage-first heap   total 131072K, used 7883K [0x0000000081e00000, 0x0000000100000000)
  region size 1024K, 2 young (2048K), 2 survivors (2048K)
 Metaspace       used 5903K, committed 6080K, reserved 1114112K
  class space    used 658K, committed 768K, reserved 1048576K
}
Event: 2.116 GC heap before
{Heap before GC invocations=2 (full 0):
 garbage-first heap   total 131072K, used 28363K [0x0000000081e00000, 0x0000000100000000)
  region size 1024K, 23 young (23552K), 2 survivors (2048K)
 Metaspace       used 11722K, committed 11968K, reserved 1114112K
  class space    used 1358K, committed 1472K, reserved 1048576K
}
Event: 2.121 GC heap after
{Heap after GC invocations=3 (full 0):
 garbage-first heap   total 131072K, used 9110K [0x0000000081e00000, 0x0000000100000000)
  region size 1024K, 3 young (3072K), 3 survivors (3072K)
 Metaspace       used 11722K, committed 11968K, reserved 1114112K
  class space    used 1358K, committed 1472K, reserved 1048576K
}
Event: 4.432 GC heap before
{Heap before GC invocations=3 (full 0):
 garbage-first heap   total 131072K, used 62358K [0x0000000081e00000, 0x0000000100000000)
  region size 1024K, 57 young (58368K), 3 survivors (3072K)
 Metaspace       used 21254K, committed 21504K, reserved 1114112K
  class space    used 2558K, committed 2688K, reserved 1048576K
}
Event: 4.446 GC heap after
{Heap after GC invocations=4 (full 0):
 garbage-first heap   total 131072K, used 13124K [0x0000000081e00000, 0x0000000100000000)
  region size 1024K, 7 young (7168K), 7 survivors (7168K)
 Metaspace       used 21254K, committed 21504K, reserved 1114112K
  class space    used 2558K, committed 2688K, reserved 1048576K
}
Event: 6.010 GC heap before
{Heap before GC invocations=5 (full 0):
 garbage-first heap   total 51200K, used 49988K [0x0000000081e00000, 0x0000000100000000)
  region size 1024K, 43 young (44032K), 7 survivors (7168K)
 Metaspace       used 28299K, committed 28672K, reserved 1114112K
  class space    used 3515K, committed 3712K, reserved 1048576K
}
Event: 6.024 GC heap after
{Heap after GC invocations=6 (full 0):
 garbage-first heap   total 62464K, used 16460K [0x0000000081e00000, 0x0000000100000000)
  region size 1024K, 9 young (9216K), 9 survivors (9216K)
 Metaspace       used 28299K, committed 28672K, reserved 1114112K
  class space    used 3515K, committed 3712K, reserved 1048576K
}
Event: 6.103 GC heap before
{Heap before GC invocations=6 (full 0):
 garbage-first heap   total 62464K, used 17484K [0x0000000081e00000, 0x0000000100000000)
  region size 1024K, 10 young (10240K), 9 survivors (9216K)
 Metaspace       used 28831K, committed 29248K, reserved 1114112K
  class space    used 3562K, committed 3776K, reserved 1048576K
}
Event: 6.116 GC heap after
{Heap after GC invocations=7 (full 0):
 garbage-first heap   total 62464K, used 16932K [0x0000000081e00000, 0x0000000100000000)
  region size 1024K, 1 young (1024K), 1 survivors (1024K)
 Metaspace       used 28831K, committed 29248K, reserved 1114112K
  class space    used 3562K, committed 3776K, reserved 1048576K
}
Event: 7.150 GC heap before
{Heap before GC invocations=7 (full 0):
 garbage-first heap   total 62464K, used 36388K [0x0000000081e00000, 0x0000000100000000)
  region size 1024K, 22 young (22528K), 1 survivors (1024K)
 Metaspace       used 35686K, committed 35968K, reserved 1114112K
  class space    used 4591K, committed 4736K, reserved 1048576K
}
Event: 7.154 GC heap after
{Heap after GC invocations=8 (full 0):
 garbage-first heap   total 62464K, used 17367K [0x0000000081e00000, 0x0000000100000000)
  region size 1024K, 2 young (2048K), 2 survivors (2048K)
 Metaspace       used 35686K, committed 35968K, reserved 1114112K
  class space    used 4591K, committed 4736K, reserved 1048576K
}
Event: 8.537 GC heap before
{Heap before GC invocations=9 (full 0):
 garbage-first heap   total 62464K, used 42967K [0x0000000081e00000, 0x0000000100000000)
  region size 1024K, 28 young (28672K), 2 survivors (2048K)
 Metaspace       used 42264K, committed 42624K, reserved 1114112K
  class space    used 5576K, committed 5760K, reserved 1048576K
}
Event: 8.544 GC heap after
{Heap after GC invocations=10 (full 0):
 garbage-first heap   total 62464K, used 19191K [0x0000000081e00000, 0x0000000100000000)
  region size 1024K, 4 young (4096K), 4 survivors (4096K)
 Metaspace       used 42264K, committed 42624K, reserved 1114112K
  class space    used 5576K, committed 5760K, reserved 1048576K
}
Event: 9.967 GC heap before
{Heap before GC invocations=10 (full 0):
 garbage-first heap   total 62464K, used 44791K [0x0000000081e00000, 0x0000000100000000)
  region size 1024K, 30 young (30720K), 4 survivors (4096K)
 Metaspace       used 46560K, committed 46976K, reserved 1114112K
  class space    used 6153K, committed 6336K, reserved 1048576K
}
Event: 9.976 GC heap after
{Heap after GC invocations=11 (full 0):
 garbage-first heap   total 62464K, used 20738K [0x0000000081e00000, 0x0000000100000000)
  region size 1024K, 4 young (4096K), 4 survivors (4096K)
 Metaspace       used 46560K, committed 46976K, reserved 1114112K
  class space    used 6153K, committed 6336K, reserved 1048576K
}
Event: 10.806 GC heap before
{Heap before GC invocations=11 (full 0):
 garbage-first heap   total 62464K, used 45314K [0x0000000081e00000, 0x0000000100000000)
  region size 1024K, 29 young (29696K), 4 survivors (4096K)
 Metaspace       used 50078K, committed 50496K, reserved 1114112K
  class space    used 6651K, committed 6848K, reserved 1048576K
}
Event: 10.815 GC heap after
{Heap after GC invocations=12 (full 0):
 garbage-first heap   total 62464K, used 23077K [0x0000000081e00000, 0x0000000100000000)
  region size 1024K, 4 young (4096K), 4 survivors (4096K)
 Metaspace       used 50078K, committed 50496K, reserved 1114112K
  class space    used 6651K, committed 6848K, reserved 1048576K
}
Event: 11.395 GC heap before
{Heap before GC invocations=12 (full 0):
 garbage-first heap   total 62464K, used 46629K [0x0000000081e00000, 0x0000000100000000)
  region size 1024K, 28 young (28672K), 4 survivors (4096K)
 Metaspace       used 52154K, committed 52608K, reserved 1114112K
  class space    used 6915K, committed 7168K, reserved 1048576K
}
Event: 11.406 GC heap after
{Heap after GC invocations=13 (full 0):
 garbage-first heap   total 62464K, used 25211K [0x0000000081e00000, 0x0000000100000000)
  region size 1024K, 3 young (3072K), 3 survivors (3072K)
 Metaspace       used 52154K, committed 52608K, reserved 1114112K
  class space    used 6915K, committed 7168K, reserved 1048576K
}
Event: 8916.129 GC heap before
{Heap before GC invocations=13 (full 0):
 garbage-first heap   total 62464K, used 46715K [0x0000000081e00000, 0x0000000100000000)
  region size 1024K, 24 young (24576K), 3 survivors (3072K)
 Metaspace       used 52882K, committed 53312K, reserved 1114112K
  class space    used 6955K, committed 7168K, reserved 1048576K
}

